2025-02-10 14:32:40 0 [Note] Starting MariaDB 10.4.32-MariaDB source revision c4143f909528e3fab0677a28631d10389354c491 as process 616
2025-02-10 14:32:40 0 [Note] InnoDB: Mutexes and rw_locks use Windows interlocked functions
2025-02-10 14:32:40 0 [Note] InnoDB: Uses event mutexes
2025-02-10 14:32:40 0 [Note] InnoDB: Compressed tables use zlib 1.3
2025-02-10 14:32:40 0 [Note] InnoDB: Number of pools: 1
2025-02-10 14:32:40 0 [Note] InnoDB: Using SSE2 crc32 instructions
2025-02-10 14:32:40 0 [Note] InnoDB: Initializing buffer pool, total size = 16M, instances = 1, chunk size = 16M
2025-02-10 14:32:40 0 [Note] InnoDB: Completed initialization of buffer pool
2025-02-10 14:32:40 0 [Note] InnoDB: Starting crash recovery from checkpoint LSN=300288
2025-02-10 14:32:40 0 [Note] InnoDB: 128 out of 128 rollback segments are active.
2025-02-10 14:32:40 0 [Note] InnoDB: Removed temporary tablespace data file: "ibtmp1"
2025-02-10 14:32:40 0 [Note] InnoDB: Creating shared tablespace for temporary tables
2025-02-10 14:32:40 0 [Note] InnoDB: Setting file 'C:\xampp\mysql\data\ibtmp1' size to 12 MB. Physically writing the file full; Please wait ...
2025-02-10 14:32:40 0 [Note] InnoDB: File 'C:\xampp\mysql\data\ibtmp1' size is now 12 MB.
2025-02-10 14:32:40 0 [Note] InnoDB: Waiting for purge to start
2025-02-10 14:32:40 0 [Note] InnoDB: 10.4.32 started; log sequence number 300297; transaction id 170
2025-02-10 14:32:40 0 [Note] InnoDB: Loading buffer pool(s) from C:\xampp\mysql\data\ib_buffer_pool
2025-02-10 14:32:40 0 [Note] Plugin 'FEEDBACK' is disabled.
2025-02-10 14:32:40 0 [Note] Server socket created on IP: '::'.
2025-02-10 14:37:45 0 [Note] Starting MariaDB 10.4.32-MariaDB source revision c4143f909528e3fab0677a28631d10389354c491 as process 7812
2025-02-10 14:37:45 0 [Note] InnoDB: Mutexes and rw_locks use Windows interlocked functions
2025-02-10 14:37:45 0 [Note] InnoDB: Uses event mutexes
2025-02-10 14:37:45 0 [Note] InnoDB: Compressed tables use zlib 1.3
2025-02-10 14:37:45 0 [Note] InnoDB: Number of pools: 1
2025-02-10 14:37:45 0 [Note] InnoDB: Using SSE2 crc32 instructions
2025-02-10 14:37:45 0 [Note] InnoDB: Initializing buffer pool, total size = 16M, instances = 1, chunk size = 16M
2025-02-10 14:37:45 0 [Note] InnoDB: Completed initialization of buffer pool
2025-02-10 14:37:45 0 [Note] InnoDB: Starting crash recovery from checkpoint LSN=301409
2025-02-10 14:37:46 0 [Note] InnoDB: 128 out of 128 rollback segments are active.
2025-02-10 14:37:46 0 [Note] InnoDB: Removed temporary tablespace data file: "ibtmp1"
2025-02-10 14:37:46 0 [Note] InnoDB: Creating shared tablespace for temporary tables
2025-02-10 14:37:46 0 [Note] InnoDB: Setting file 'C:\xampp\mysql\data\ibtmp1' size to 12 MB. Physically writing the file full; Please wait ...
2025-02-10 14:37:46 0 [Note] InnoDB: File 'C:\xampp\mysql\data\ibtmp1' size is now 12 MB.
2025-02-10 14:37:46 0 [Note] InnoDB: Waiting for purge to start
2025-02-10 14:37:46 0 [Note] InnoDB: 10.4.32 started; log sequence number 301418; transaction id 197
2025-02-10 14:37:46 0 [Note] InnoDB: Loading buffer pool(s) from C:\xampp\mysql\data\ib_buffer_pool
2025-02-10 14:37:46 0 [Note] Plugin 'FEEDBACK' is disabled.
2025-02-10 14:37:46 0 [Note] Server socket created on IP: '::'.
2025-02-10 14:45:34 0 [Note] Starting MariaDB 10.4.32-MariaDB source revision c4143f909528e3fab0677a28631d10389354c491 as process 8080
2025-02-10 14:45:34 0 [Note] mysqld.exe: Aria engine: starting recovery
recovered pages: 0% 25% 35% 100% (0.0 seconds); tables to flush: 1 0
 (0.0 seconds); 
2025-02-10 14:45:34 0 [Note] mysqld.exe: Aria engine: recovery done
2025-02-10 14:45:34 0 [Note] InnoDB: Mutexes and rw_locks use Windows interlocked functions
2025-02-10 14:45:34 0 [Note] InnoDB: Uses event mutexes
2025-02-10 14:45:34 0 [Note] InnoDB: Compressed tables use zlib 1.3
2025-02-10 14:45:34 0 [Note] InnoDB: Number of pools: 1
2025-02-10 14:45:34 0 [Note] InnoDB: Using SSE2 crc32 instructions
2025-02-10 14:45:34 0 [Note] InnoDB: Initializing buffer pool, total size = 16M, instances = 1, chunk size = 16M
2025-02-10 14:45:34 0 [Note] InnoDB: Completed initialization of buffer pool
2025-02-10 14:45:34 0 [Note] InnoDB: Starting crash recovery from checkpoint LSN=305195
2025-02-10 14:45:34 0 [Note] InnoDB: 128 out of 128 rollback segments are active.
2025-02-10 14:45:34 0 [Note] InnoDB: Removed temporary tablespace data file: "ibtmp1"
2025-02-10 14:45:34 0 [Note] InnoDB: Creating shared tablespace for temporary tables
2025-02-10 14:45:34 0 [Note] InnoDB: Setting file 'C:\xampp\mysql\data\ibtmp1' size to 12 MB. Physically writing the file full; Please wait ...
2025-02-10 14:45:34 0 [Note] InnoDB: File 'C:\xampp\mysql\data\ibtmp1' size is now 12 MB.
2025-02-10 14:45:34 0 [Note] InnoDB: Waiting for purge to start
2025-02-10 14:45:34 0 [Note] InnoDB: 10.4.32 started; log sequence number 305204; transaction id 229
2025-02-10 14:45:34 0 [Note] InnoDB: Loading buffer pool(s) from C:\xampp\mysql\data\ib_buffer_pool
2025-02-10 14:45:34 0 [Note] Plugin 'FEEDBACK' is disabled.
2025-02-10 14:45:34 0 [Note] Server socket created on IP: '::'.
2025-02-10 14:51:35 38 [Warning] Access denied for user 'newuser'@'192.168.1.140' (using password: YES)
2025-02-10 14:52:02 41 [Warning] Access denied for user 'gulp'@'192.168.1.140' (using password: NO)
