2025-02-07T13:28:36.797222+00:00 ubuntu polkitd[1555]: Loading rules from directory /etc/polkit-1/rules.d
2025-02-07T13:28:36.797232+00:00 ubuntu polkitd[1555]: Loading rules from directory /usr/share/polkit-1/rules.d
2025-02-07T13:28:36.797260+00:00 ubuntu systemd-logind[1580]: New seat seat0.
2025-02-07T13:28:36.797270+00:00 ubuntu systemd-logind[1580]: Watching system buttons on /dev/input/event0 (Power Button)
2025-02-07T13:28:36.797280+00:00 ubuntu systemd-logind[1580]: Watching system buttons on /dev/input/event1 (Sleep Button)
2025-02-07T13:28:36.797290+00:00 ubuntu systemd-logind[1580]: Watching system buttons on /dev/input/event2 (AT Translated Set 2 keyboard)
2025-02-07T13:28:36.797359+00:00 ubuntu polkitd[1555]: Finished loading, compiling and executing 16 rules
2025-02-07T13:28:36.797388+00:00 ubuntu polkitd[1555]: Acquired the name org.freedesktop.PolicyKit1 on the system bus
2025-02-07T13:28:49.382845+00:00 ubuntu useradd[1883]: new group: name=installer, GID=1001
2025-02-07T13:28:49.383220+00:00 ubuntu useradd[1883]: new user: name=installer, UID=1001, GID=1001, home=/home/installer, shell=/usr/bin/subiquity-shell, from=none
2025-02-07T13:28:49.384516+00:00 ubuntu useradd[1883]: add 'installer' to group 'adm'
2025-02-07T13:28:49.384902+00:00 ubuntu useradd[1883]: add 'installer' to group 'dialout'
2025-02-07T13:28:49.385023+00:00 ubuntu useradd[1883]: add 'installer' to group 'cdrom'
2025-02-07T13:28:49.385156+00:00 ubuntu useradd[1883]: add 'installer' to group 'floppy'
2025-02-07T13:28:49.385269+00:00 ubuntu useradd[1883]: add 'installer' to group 'sudo'
2025-02-07T13:28:49.385376+00:00 ubuntu useradd[1883]: add 'installer' to group 'audio'
2025-02-07T13:28:49.385521+00:00 ubuntu useradd[1883]: add 'installer' to group 'dip'
2025-02-07T13:28:49.385630+00:00 ubuntu useradd[1883]: add 'installer' to group 'video'
2025-02-07T13:28:49.385898+00:00 ubuntu useradd[1883]: add 'installer' to group 'plugdev'
2025-02-07T13:28:49.386007+00:00 ubuntu useradd[1883]: add 'installer' to group 'netdev'
2025-02-07T13:28:49.386115+00:00 ubuntu useradd[1883]: add 'installer' to group 'lxd'
2025-02-07T13:28:49.386213+00:00 ubuntu useradd[1883]: add 'installer' to shadow group 'adm'
2025-02-07T13:28:49.386325+00:00 ubuntu useradd[1883]: add 'installer' to shadow group 'dialout'
2025-02-07T13:28:49.386422+00:00 ubuntu useradd[1883]: add 'installer' to shadow group 'cdrom'
2025-02-07T13:28:49.386518+00:00 ubuntu useradd[1883]: add 'installer' to shadow group 'floppy'
2025-02-07T13:28:49.386614+00:00 ubuntu useradd[1883]: add 'installer' to shadow group 'sudo'
2025-02-07T13:28:49.387393+00:00 ubuntu useradd[1883]: add 'installer' to shadow group 'audio'
2025-02-07T13:28:49.387608+00:00 ubuntu useradd[1883]: add 'installer' to shadow group 'dip'
2025-02-07T13:28:49.387941+00:00 ubuntu useradd[1883]: add 'installer' to shadow group 'video'
2025-02-07T13:28:49.388072+00:00 ubuntu useradd[1883]: add 'installer' to shadow group 'plugdev'
2025-02-07T13:28:49.388173+00:00 ubuntu useradd[1883]: add 'installer' to shadow group 'netdev'
2025-02-07T13:28:49.388274+00:00 ubuntu useradd[1883]: add 'installer' to shadow group 'lxd'
2025-02-07T13:28:56.209882+00:00 ubuntu gdm-autologin]: gkr-pam: no password is available for user
2025-02-07T13:28:56.493376+00:00 ubuntu gdm-autologin]: pam_unix(gdm-autologin:session): session opened for user ubuntu(uid=1000) by ubuntu(uid=0)
2025-02-07T13:28:56.588332+00:00 ubuntu systemd-logind[1580]: New session 1 of user ubuntu.
2025-02-07T13:28:56.689498+00:00 ubuntu (systemd): pam_unix(systemd-user:session): session opened for user ubuntu(uid=1000) by ubuntu(uid=0)
2025-02-07T13:28:58.399754+00:00 ubuntu gdm-autologin]: gkr-pam: couldn't unlock the login keyring.
2025-02-07T13:29:14.971384+00:00 ubuntu gnome-keyring-daemon[2008]: The PKCS#11 component was already initialized
2025-02-07T13:29:14.972281+00:00 ubuntu gnome-keyring-daemon[2276]: discover_other_daemon: 1
2025-02-07T13:29:14.983368+00:00 ubuntu gnome-keyring-daemon[2008]: The Secret Service was already initialized
2025-02-07T13:29:14.984865+00:00 ubuntu gnome-keyring-daemon[2281]: discover_other_daemon: 1
2025-02-07T13:29:15.003661+00:00 ubuntu gnome-keyring-daemon[2283]: discover_other_daemon: 1
2025-02-07T13:29:26.378334+00:00 ubuntu polkitd[1555]: Registered Authentication Agent for unix-session:1 (system bus name :1.41 [/usr/bin/gnome-shell], object path /org/freedesktop/PolicyKit1/AuthenticationAgent, locale C.UTF-8)
2025-02-07T13:29:34.325521+00:00 ubuntu sudo:   ubuntu : PWD=/home/ubuntu ; USER=root ; COMMAND=/usr/bin/systemctl start udisks2-inhibit.service
2025-02-07T13:29:34.356407+00:00 ubuntu sudo: pam_unix(sudo:session): session opened for user root(uid=0) by ubuntu(uid=1000)
2025-02-07T13:29:34.379607+00:00 ubuntu sudo: pam_unix(sudo:session): session closed for user root
2025-02-07T13:30:01.468867+00:00 ubuntu CRON[3466]: pam_unix(cron:session): session opened for user root(uid=0) by root(uid=0)
2025-02-07T13:30:01.480272+00:00 ubuntu CRON[3466]: pam_unix(cron:session): session closed for user root
2025-02-07T13:30:02.714443+00:00 ubuntu chpasswd[3474]: pam_unix(chpasswd:chauthtok): password changed for installer
2025-02-07T13:30:02.714694+00:00 ubuntu chpasswd[3474]: gkr-pam: couldn't update the login keyring password: no old password was entered
2025-02-07T13:30:03.904768+00:00 ubuntu sudo:   ubuntu : PWD=/home/ubuntu ; USER=root ; COMMAND=/usr/bin/systemctl stop udisks2-inhibit.service
2025-02-07T13:30:03.913802+00:00 ubuntu sudo: pam_unix(sudo:session): session opened for user root(uid=0) by ubuntu(uid=1000)
2025-02-07T13:30:03.917505+00:00 ubuntu realmd[3505]: Loaded settings from: /usr/lib/realmd/realmd-defaults.conf /usr/lib/realmd/realmd-distro.conf
2025-02-07T13:30:03.917669+00:00 ubuntu realmd[3505]: holding daemon: startup
2025-02-07T13:30:03.917749+00:00 ubuntu realmd[3505]: starting service
2025-02-07T13:30:03.920762+00:00 ubuntu realmd[3505]: GLib-GIO: Using cross-namespace EXTERNAL authentication (this will deadlock if server is GDBus < 2.73.3)
2025-02-07T13:30:03.931656+00:00 ubuntu realmd[3505]: connected to bus
2025-02-07T13:30:03.941688+00:00 ubuntu realmd[3505]: GLib-GIO: _g_io_module_get_default: Found default implementation local (GLocalVfs) for ‘gio-vfs’
2025-02-07T13:30:03.943160+00:00 ubuntu realmd[3505]: released daemon: startup
2025-02-07T13:30:03.960724+00:00 ubuntu realmd[3505]: claimed name on bus: org.freedesktop.realmd
2025-02-07T13:30:04.000661+00:00 ubuntu realmd[3505]: client using service: :1.81
2025-02-07T13:30:04.000927+00:00 ubuntu realmd[3505]: holding daemon: :1.81
2025-02-07T13:30:04.004513+00:00 ubuntu realmd[3505]: Using 'r134.3499' operation for method 'Discover' invocation on 'org.freedesktop.realmd.Provider' interface
2025-02-07T13:30:04.004732+00:00 ubuntu realmd[3505]: Registered cancellable for operation 'r134.3499'
2025-02-07T13:30:04.044514+00:00 ubuntu realmd[3505]:  * No default domain received via DHCP or given by hostname
2025-02-07T13:30:04.053371+00:00 ubuntu realmd[3505]: client gone away: :1.81
2025-02-07T13:30:04.053516+00:00 ubuntu realmd[3505]: released daemon: :1.81
2025-02-07T13:30:04.235452+00:00 ubuntu sudo: pam_unix(sudo:session): session closed for user root
2025-02-07T13:30:27.755863+00:00 ubuntu sudo:   ubuntu : TTY=pts/0 ; PWD=/var/log ; USER=root ; COMMAND=/usr/bin/python3.12 -m http.server
2025-02-07T13:30:27.758981+00:00 ubuntu sudo: pam_unix(sudo:session): session opened for user root(uid=0) by ubuntu(uid=1000)
